	Command being timed: "sh -c /usr/local/bwa/bwa-0.5.9/bwa aln -t 8 -q 10 -i 15 -I /usr/local/Genomes/H.Sapiens/hg19_sorted/bwa-0.5.9/reference.fa 120916_I224_FCD1CFTACXX_L5_SZAXPI014614-129_1.clean.fq > 120916_I224_FCD1CFTACXX_L5_SZAXPI014614-129_1.clean.sai"
	User time (seconds): 66232.93
	System time (seconds): 467.88
	Percent of CPU this job got: 659%
	Elapsed (wall clock) time (h:mm:ss or m:ss): 2:48:33
	Average shared text size (kbytes): 0
	Average unshared data size (kbytes): 0
	Average stack size (kbytes): 0
	Average total size (kbytes): 0
	Maximum resident set size (kbytes): 10532992
	Average resident set size (kbytes): 0
	Major (requiring I/O) page faults: 1
	Minor (reclaiming a frame) page faults: 14747955
	Voluntary context switches: 379210
	Involuntary context switches: 633626
	Swaps: 0
	File system inputs: 63550688
	File system outputs: 6809584
	Socket messages sent: 0
	Socket messages received: 0
	Signals delivered: 0
	Page size (bytes): 4096
	Exit status: 0
