	Command being timed: "sh -c /data/DIV5/SASC/common/programs/pindel/trunk/pindel -f /usr/local/Genomes/H.Sapiens/hg19_sorted/reference.fa -i 120916.pindel.cfg -o 120916.pindel -I -T 8 -b 120916.ctx && touch 120916.pindel"
	User time (seconds): 123888.11
	System time (seconds): 384.66
	Percent of CPU this job got: 528%
	Elapsed (wall clock) time (h:mm:ss or m:ss): 6:31:50
	Average shared text size (kbytes): 0
	Average unshared data size (kbytes): 0
	Average stack size (kbytes): 0
	Average total size (kbytes): 0
	Maximum resident set size (kbytes): 43532528
	Average resident set size (kbytes): 0
	Major (requiring I/O) page faults: 0
	Minor (reclaiming a frame) page faults: 45932548
	Voluntary context switches: 986649
	Involuntary context switches: 1299556
	Swaps: 0
	File system inputs: 6066216
	File system outputs: 1025344
	Socket messages sent: 0
	Socket messages received: 0
	Signals delivered: 0
	Page size (bytes): 4096
	Exit status: 0
