	Command being timed: "sh -c /usr/local/bwa/bwa-0.5.9/bwa aln -t 8 -q 10 -i 15 -I /usr/local/Genomes/H.Sapiens/hg19_sorted/bwa-0.5.9/reference.fa 120916_I224_FCD1CFTACXX_L5_SZAXPI014614-129_2.clean.fq > 120916_I224_FCD1CFTACXX_L5_SZAXPI014614-129_2.clean.sai"
	User time (seconds): 67178.33
	System time (seconds): 458.00
	Percent of CPU this job got: 677%
	Elapsed (wall clock) time (h:mm:ss or m:ss): 2:46:30
	Average shared text size (kbytes): 0
	Average unshared data size (kbytes): 0
	Average stack size (kbytes): 0
	Average total size (kbytes): 0
	Maximum resident set size (kbytes): 10675952
	Average resident set size (kbytes): 0
	Major (requiring I/O) page faults: 1
	Minor (reclaiming a frame) page faults: 14580345
	Voluntary context switches: 388674
	Involuntary context switches: 641824
	Swaps: 0
	File system inputs: 58954120
	File system outputs: 6764968
	Socket messages sent: 0
	Socket messages received: 0
	Signals delivered: 0
	Page size (bytes): 4096
	Exit status: 0
