	Command being timed: "sh -c bash /data/DIV5/SASC/003_scr/scripts/circos/createcircos.sh -b 120916.cov.bed -o 120916.chr4-12.pairwise -d 120916 -c 4 -x 12 -s 120916 -l 120916.int.bed"
	User time (seconds): 0.69
	System time (seconds): 0.06
	Percent of CPU this job got: 38%
	Elapsed (wall clock) time (h:mm:ss or m:ss): 0:01.97
	Average shared text size (kbytes): 0
	Average unshared data size (kbytes): 0
	Average stack size (kbytes): 0
	Average total size (kbytes): 0
	Maximum resident set size (kbytes): 29488
	Average resident set size (kbytes): 0
	Major (requiring I/O) page faults: 0
	Minor (reclaiming a frame) page faults: 14177
	Voluntary context switches: 175
	Involuntary context switches: 36
	Swaps: 0
	File system inputs: 0
	File system outputs: 38328
	Socket messages sent: 0
	Socket messages received: 0
	Signals delivered: 0
	Page size (bytes): 4096
	Exit status: 0
