	Command being timed: "sh -c /usr/local/samtools/samtools-0.1.18/samtools flagstat 120916.sort.bam > 120916.flagstat"
	User time (seconds): 432.79
	System time (seconds): 12.18
	Percent of CPU this job got: 99%
	Elapsed (wall clock) time (h:mm:ss or m:ss): 7:25.20
	Average shared text size (kbytes): 0
	Average unshared data size (kbytes): 0
	Average stack size (kbytes): 0
	Average total size (kbytes): 0
	Maximum resident set size (kbytes): 3968
	Average resident set size (kbytes): 0
	Major (requiring I/O) page faults: 2
	Minor (reclaiming a frame) page faults: 516
	Voluntary context switches: 21
	Involuntary context switches: 1158
	Swaps: 0
	File system inputs: 2248
	File system outputs: 8
	Socket messages sent: 0
	Socket messages received: 0
	Signals delivered: 0
	Page size (bytes): 4096
	Exit status: 0
