[Tue Sep 10 01:19:47 CEST 2013] net.sf.picard.sam.MergeSamFiles INPUT=[120916_I224_FCD1CFTACXX_L5_SZAXPI014614-129.bam] OUTPUT=120916.bam USE_THREADING=true VALIDATION_STRINGENCY=LENIENT    SORT_ORDER=coordinate ASSUME_SORTED=false MERGE_SEQUENCE_DICTIONARIES=false VERBOSITY=INFO QUIET=false COMPRESSION_LEVEL=5 MAX_RECORDS_IN_RAM=500000 CREATE_INDEX=false CREATE_MD5_FILE=false
[Tue Sep 10 01:19:47 CEST 2013] Executing as sasc@unassigned-hostname on Linux 3.5.0-32-generic amd64; OpenJDK 64-Bit Server VM 1.6.0_27-b27; Picard version: 1.84(1332)
INFO	2013-09-10 01:19:47	MergeSamFiles	Sorting input files using temp directory [/tmp/sasc]
Ignoring SAM validation error: ERROR: Record 25406, Read name FCD1CFTACXX:5:1101:14673:2582, MAPQ should be 0 for unmapped read.
Ignoring SAM validation error: ERROR: Record 39453, Read name FCD1CFTACXX:5:1101:6972:3207, MAPQ should be 0 for unmapped read.
Ignoring SAM validation error: ERROR: Record 164800, Read name FCD1CFTACXX:5:1101:14615:6734, MAPQ should be 0 for unmapped read.
Ignoring SAM validation error: ERROR: Record 466920, Read name FCD1CFTACXX:5:1101:9690:15309, MAPQ should be 0 for unmapped read.
Ignoring SAM validation error: ERROR: Record 825297, Read name FCD1CFTACXX:5:1101:20175:25652, MAPQ should be 0 for unmapped read.
Ignoring SAM validation error: ERROR: Record 852718, Read name FCD1CFTACXX:5:1101:3998:26574, MAPQ should be 0 for unmapped read.
Ignoring SAM validation error: ERROR: Record 953769, Read name FCD1CFTACXX:5:1101:17530:29469, MAPQ should be 0 for unmapped read.
INFO	2013-09-10 01:20:04	MergeSamFiles	Processed     1,000,000 records.  Elapsed time: 00:00:16s.  Time for last 1,000,000:   16s.  Last read position: chr14:38,947,459
Ignoring SAM validation error: ERROR: Record 1090229, Read name FCD1CFTACXX:5:1101:14192:33311, MAPQ should be 0 for unmapped read.
Ignoring SAM validation error: ERROR: Record 1205091, Read name FCD1CFTACXX:5:1101:20559:36638, MAPQ should be 0 for unmapped read.
Ignoring SAM validation error: ERROR: Record 1244025, Read name FCD1CFTACXX:5:1101:10133:37890, MAPQ should be 0 for unmapped read.
Ignoring SAM validation error: ERROR: Record 1845071, Read name FCD1CFTACXX:5:1101:17139:55224, MAPQ should be 0 for unmapped read.
Ignoring SAM validation error: ERROR: Record 1845797, Read name FCD1CFTACXX:5:1101:18838:55169, MAPQ should be 0 for unmapped read.
Ignoring SAM validation error: ERROR: Record 1916525, Read name FCD1CFTACXX:5:1101:2446:57449, MAPQ should be 0 for unmapped read.
INFO	2013-09-10 01:20:20	MergeSamFiles	Processed     2,000,000 records.  Elapsed time: 00:00:33s.  Time for last 1,000,000:   16s.  Last read position: chr15:48,383,741
Ignoring SAM validation error: ERROR: Record 2035153, Read name FCD1CFTACXX:5:1101:14242:60688, MAPQ should be 0 for unmapped read.
Ignoring SAM validation error: ERROR: Record 2460136, Read name FCD1CFTACXX:5:1101:14928:72839, MAPQ should be 0 for unmapped read.
Ignoring SAM validation error: ERROR: Record 2490444, Read name FCD1CFTACXX:5:1101:4904:73900, MAPQ should be 0 for unmapped read.
Ignoring SAM validation error: ERROR: Record 2789019, Read name FCD1CFTACXX:5:1101:13931:82465, MAPQ should be 0 for unmapped read.
INFO	2013-09-10 01:20:35	MergeSamFiles	Processed     3,000,000 records.  Elapsed time: 00:00:47s.  Time for last 1,000,000:   14s.  Last read position: chr21:27,135,616
Ignoring SAM validation error: ERROR: Record 3196845, Read name FCD1CFTACXX:5:1101:4856:94255, MAPQ should be 0 for unmapped read.
Ignoring SAM validation error: ERROR: Record 3344761, Read name FCD1CFTACXX:5:1101:1665:98703, MAPQ should be 0 for unmapped read.
Ignoring SAM validation error: ERROR: Record 3464548, Read name FCD1CFTACXX:5:1102:2893:3292, MAPQ should be 0 for unmapped read.
Ignoring SAM validation error: ERROR: Record 3646421, Read name FCD1CFTACXX:5:1102:17293:8392, MAPQ should be 0 for unmapped read.
Ignoring SAM validation error: ERROR: Record 3875650, Read name FCD1CFTACXX:5:1102:1205:15106, MAPQ should be 0 for unmapped read.
INFO	2013-09-10 01:20:48	MergeSamFiles	Processed     4,000,000 records.  Elapsed time: 00:01:00s.  Time for last 1,000,000:   13s.  Last read position: chr13:113,057,394
Ignoring SAM validation error: ERROR: Record 4015601, Read name FCD1CFTACXX:5:1102:1837:19016, MAPQ should be 0 for unmapped read.
Ignoring SAM validation error: ERROR: Record 4092707, Read name FCD1CFTACXX:5:1102:17879:21052, MAPQ should be 0 for unmapped read.
Ignoring SAM validation error: ERROR: Record 4333033, Read name FCD1CFTACXX:5:1102:8687:28016, MAPQ should be 0 for unmapped read.
Ignoring SAM validation error: ERROR: Record 4360339, Read name FCD1CFTACXX:5:1102:11192:28809, MAPQ should be 0 for unmapped read.
Ignoring SAM validation error: ERROR: Record 4628248, Read name FCD1CFTACXX:5:1102:1398:36652, MAPQ should be 0 for unmapped read.
Ignoring SAM validation error: ERROR: Record 4714622, Read name FCD1CFTACXX:5:1102:17560:38868, MAPQ should be 0 for unmapped read.
Ignoring SAM validation error: ERROR: Record 4774835, Read name FCD1CFTACXX:5:1102:14439:40747, MAPQ should be 0 for unmapped read.
Ignoring SAM validation error: ERROR: Record 4787088, Read name FCD1CFTACXX:5:1102:2775:41175, MAPQ should be 0 for unmapped read.
Ignoring SAM validation error: ERROR: Record 4878802, Read name FCD1CFTACXX:5:1102:12116:43567, MAPQ should be 0 for unmapped read.
INFO	2013-09-10 01:21:02	MergeSamFiles	Processed     5,000,000 records.  Elapsed time: 00:01:14s.  Time for last 1,000,000:   13s.  Last read position: */*
Ignoring SAM validation error: ERROR: Record 5583449, Read name FCD1CFTACXX:5:1102:20873:63522, MAPQ should be 0 for unmapped read.
Ignoring SAM validation error: ERROR: Record 5587895, Read name FCD1CFTACXX:5:1102:10882:63839, MAPQ should be 0 for unmapped read.
Ignoring SAM validation error: ERROR: Record 5774309, Read name FCD1CFTACXX:5:1102:16735:69003, MAPQ should be 0 for unmapped read.
Ignoring SAM validation error: ERROR: Record 5906477, Read name FCD1CFTACXX:5:1102:18716:72871, MAPQ should be 0 for unmapped read.
INFO	2013-09-10 01:21:13	MergeSamFiles	Processed     6,000,000 records.  Elapsed time: 00:01:26s.  Time for last 1,000,000:   11s.  Last read position: */*
Ignoring SAM validation error: ERROR: Record 6289527, Read name FCD1CFTACXX:5:1102:7820:83937, MAPQ should be 0 for unmapped read.
INFO	2013-09-10 01:21:25	MergeSamFiles	Processed     7,000,000 records.  Elapsed time: 00:01:37s.  Time for last 1,000,000:   11s.  Last read position: chr21:27,571,136
Ignoring SAM validation error: ERROR: Record 7368646, Read name FCD1CFTACXX:5:1103:6169:15585, MAPQ should be 0 for unmapped read.
Ignoring SAM validation error: ERROR: Record 7400876, Read name FCD1CFTACXX:5:1103:18590:16339, MAPQ should be 0 for unmapped read.
Ignoring SAM validation error: ERROR: Record 7555707, Read name FCD1CFTACXX:5:1103:5699:20999, MAPQ should be 0 for unmapped read.
Ignoring SAM validation error: ERROR: Record 7827520, Read name FCD1CFTACXX:5:1103:18775:28349, MAPQ should be 0 for unmapped read.
INFO	2013-09-10 01:21:38	MergeSamFiles	Processed     8,000,000 records.  Elapsed time: 00:01:50s.  Time for last 1,000,000:   12s.  Last read position: chr2:118,669,748
Ignoring SAM validation error: ERROR: Record 8109045, Read name FCD1CFTACXX:5:1103:15302:36344, MAPQ should be 0 for unmapped read.
Ignoring SAM validation error: ERROR: Record 8221116, Read name FCD1CFTACXX:5:1103:10275:39725, MAPQ should be 0 for unmapped read.
Ignoring SAM validation error: ERROR: Record 8293682, Read name FCD1CFTACXX:5:1103:14533:41693, MAPQ should be 0 for unmapped read.
Ignoring SAM validation error: ERROR: Record 8350401, Read name FCD1CFTACXX:5:1103:3014:43490, MAPQ should be 0 for unmapped read.
Ignoring SAM validation error: ERROR: Record 8499642, Read name FCD1CFTACXX:5:1103:18702:47310, MAPQ should be 0 for unmapped read.
Ignoring SAM validation error: ERROR: Record 8754385, Read name FCD1CFTACXX:5:1103:11411:54628, MAPQ should be 0 for unmapped read.
Ignoring SAM validation error: ERROR: Record 8756300, Read name FCD1CFTACXX:5:1103:15735:54748, MAPQ should be 0 for unmapped read.
Ignoring SAM validation error: ERROR: Record 8762711, Read name FCD1CFTACXX:5:1103:10319:54865, MAPQ should be 0 for unmapped read.
Ignoring SAM validation error: ERROR: Record 8774403, Read name FCD1CFTACXX:5:1103:16689:55232, MAPQ should be 0 for unmapped read.
Ignoring SAM validation error: ERROR: Record 8879434, Read name FCD1CFTACXX:5:1103:11289:58009, MAPQ should be 0 for unmapped read.
INFO	2013-09-10 01:21:50	MergeSamFiles	Processed     9,000,000 records.  Elapsed time: 00:02:02s.  Time for last 1,000,000:   11s.  Last read position: chr14:97,827,981
Ignoring SAM validation error: ERROR: Record 9285998, Read name FCD1CFTACXX:5:1103:5457:69514, MAPQ should be 0 for unmapped read.
Ignoring SAM validation error: ERROR: Record 9420159, Read name FCD1CFTACXX:5:1103:5694:73305, MAPQ should be 0 for unmapped read.
Ignoring SAM validation error: ERROR: Record 9431151, Read name FCD1CFTACXX:5:1103:10177:73612, MAPQ should be 0 for unmapped read.
Ignoring SAM validation error: ERROR: Record 9603994, Read name FCD1CFTACXX:5:1103:15236:78349, MAPQ should be 0 for unmapped read.
Ignoring SAM validation error: ERROR: Record 9754736, Read name FCD1CFTACXX:5:1103:13906:82748, MAPQ should be 0 for unmapped read.
INFO	2013-09-10 01:22:03	MergeSamFiles	Processed    10,000,000 records.  Elapsed time: 00:02:15s.  Time for last 1,000,000:   12s.  Last read position: chr11:123,389,607
Ignoring SAM validation error: ERROR: Record 10152667, Read name FCD1CFTACXX:5:1103:4257:93824, MAPQ should be 0 for unmapped read.
Ignoring SAM validation error: ERROR: Record 10454449, Read name FCD1CFTACXX:5:1104:2716:3540, MAPQ should be 0 for unmapped read.
Ignoring SAM validation error: ERROR: Record 10556153, Read name FCD1CFTACXX:5:1104:7394:6257, MAPQ should be 0 for unmapped read.
Ignoring SAM validation error: ERROR: Record 10621397, Read name FCD1CFTACXX:5:1104:12244:8238, MAPQ should be 0 for unmapped read.
INFO	2013-09-10 01:22:17	MergeSamFiles	Processed    11,000,000 records.  Elapsed time: 00:02:29s.  Time for last 1,000,000:   14s.  Last read position: chr4:166,256,913
Ignoring SAM validation error: ERROR: Record 11203618, Read name FCD1CFTACXX:5:1104:2986:24528, MAPQ should be 0 for unmapped read.
Ignoring SAM validation error: ERROR: Record 11261019, Read name FCD1CFTACXX:5:1104:13763:26188, MAPQ should be 0 for unmapped read.
Ignoring SAM validation error: ERROR: Record 11261218, Read name FCD1CFTACXX:5:1104:14334:26089, MAPQ should be 0 for unmapped read.
Ignoring SAM validation error: ERROR: Record 11549142, Read name FCD1CFTACXX:5:1104:18113:34282, MAPQ should be 0 for unmapped read.
Ignoring SAM validation error: ERROR: Record 11645466, Read name FCD1CFTACXX:5:1104:19321:37139, MAPQ should be 0 for unmapped read.
Ignoring SAM validation error: ERROR: Record 11690397, Read name FCD1CFTACXX:5:1104:3071:38536, MAPQ should be 0 for unmapped read.
INFO	2013-09-10 01:22:31	MergeSamFiles	Processed    12,000,000 records.  Elapsed time: 00:02:44s.  Time for last 1,000,000:   14s.  Last read position: chr1:72,357,703
Ignoring SAM validation error: ERROR: Record 12004196, Read name FCD1CFTACXX:5:1104:4113:47642, MAPQ should be 0 for unmapped read.
Ignoring SAM validation error: ERROR: Record 12057412, Read name FCD1CFTACXX:5:1104:5460:49028, MAPQ should be 0 for unmapped read.
Ignoring SAM validation error: ERROR: Record 12189069, Read name FCD1CFTACXX:5:1104:3981:52824, MAPQ should be 0 for unmapped read.
Ignoring SAM validation error: ERROR: Record 12410352, Read name FCD1CFTACXX:5:1104:1543:59022, MAPQ should be 0 for unmapped read.
Ignoring SAM validation error: ERROR: Record 12441051, Read name FCD1CFTACXX:5:1104:10876:59951, MAPQ should be 0 for unmapped read.
Ignoring SAM validation error: ERROR: Record 12827424, Read name FCD1CFTACXX:5:1104:16096:70654, MAPQ should be 0 for unmapped read.
INFO	2013-09-10 01:22:45	MergeSamFiles	Processed    13,000,000 records.  Elapsed time: 00:02:57s.  Time for last 1,000,000:   13s.  Last read position: chr7:55,588,330
Ignoring SAM validation error: ERROR: Record 13098321, Read name FCD1CFTACXX:5:1104:2582:78251, MAPQ should be 0 for unmapped read.
Ignoring SAM validation error: ERROR: Record 13149260, Read name FCD1CFTACXX:5:1104:18089:79568, MAPQ should be 0 for unmapped read.
Ignoring SAM validation error: ERROR: Record 13173473, Read name FCD1CFTACXX:5:1104:14025:80251, MAPQ should be 0 for unmapped read.
Ignoring SAM validation error: ERROR: Record 13336146, Read name FCD1CFTACXX:5:1104:4070:85014, MAPQ should be 0 for unmapped read.
INFO	2013-09-10 01:22:58	MergeSamFiles	Processed    14,000,000 records.  Elapsed time: 00:03:11s.  Time for last 1,000,000:   13s.  Last read position: chr6:24,055,052
Ignoring SAM validation error: ERROR: Record 14025495, Read name FCD1CFTACXX:5:1105:12062:5477, MAPQ should be 0 for unmapped read.
Ignoring SAM validation error: ERROR: Record 14094786, Read name FCD1CFTACXX:5:1105:3442:7493, MAPQ should be 0 for unmapped read.
Ignoring SAM validation error: ERROR: Record 14123080, Read name FCD1CFTACXX:5:1105:5290:8190, MAPQ should be 0 for unmapped read.
Ignoring SAM validation error: ERROR: Record 14162375, Read name FCD1CFTACXX:5:1105:10603:9147, MAPQ should be 0 for unmapped read.
Ignoring SAM validation error: ERROR: Record 14338498, Read name FCD1CFTACXX:5:1105:14117:13797, MAPQ should be 0 for unmapped read.
Ignoring SAM validation error: ERROR: Record 14347706, Read name FCD1CFTACXX:5:1105:14012:14134, MAPQ should be 0 for unmapped read.
Ignoring SAM validation error: ERROR: Record 14427822, Read name FCD1CFTACXX:5:1105:9488:16478, MAPQ should be 0 for unmapped read.
INFO	2013-09-10 01:23:14	MergeSamFiles	Processed    15,000,000 records.  Elapsed time: 00:03:26s.  Time for last 1,000,000:   15s.  Last read position: chr12:16,407,192
Ignoring SAM validation error: ERROR: Record 15243409, Read name FCD1CFTACXX:5:1105:6820:38727, MAPQ should be 0 for unmapped read.
Ignoring SAM validation error: ERROR: Record 15688124, Read name FCD1CFTACXX:5:1105:3897:50537, MAPQ should be 0 for unmapped read.
Ignoring SAM validation error: ERROR: Record 15944179, Read name FCD1CFTACXX:5:1105:14902:57429, MAPQ should be 0 for unmapped read.
INFO	2013-09-10 01:23:33	MergeSamFiles	Processed    16,000,000 records.  Elapsed time: 00:03:45s.  Time for last 1,000,000:   18s.  Last read position: chr20:36,619,275
