	Command being timed: "sh -c perl /usr/local/breakdancer/breakdancer_deploy_1.3.5/lib/breakdancer-max-unstable/bam2cfg.pl 120916.sort.bam > 120916.break.cfg"
	User time (seconds): 9.91
	System time (seconds): 0.09
	Percent of CPU this job got: 82%
	Elapsed (wall clock) time (h:mm:ss or m:ss): 0:12.16
	Average shared text size (kbytes): 0
	Average unshared data size (kbytes): 0
	Average stack size (kbytes): 0
	Average total size (kbytes): 0
	Maximum resident set size (kbytes): 56496
	Average resident set size (kbytes): 0
	Major (requiring I/O) page faults: 1
	Minor (reclaiming a frame) page faults: 4779
	Voluntary context switches: 1842
	Involuntary context switches: 1803
	Swaps: 0
	File system inputs: 3200
	File system outputs: 8
	Socket messages sent: 0
	Socket messages received: 0
	Signals delivered: 0
	Page size (bytes): 4096
	Exit status: 0
