	Command being timed: "sh -c /usr/local/samtools/samtools-0.1.18/samtools index 120916.sort.bam"
	User time (seconds): 455.27
	System time (seconds): 15.26
	Percent of CPU this job got: 91%
	Elapsed (wall clock) time (h:mm:ss or m:ss): 8:31.66
	Average shared text size (kbytes): 0
	Average unshared data size (kbytes): 0
	Average stack size (kbytes): 0
	Average total size (kbytes): 0
	Maximum resident set size (kbytes): 79616
	Average resident set size (kbytes): 0
	Major (requiring I/O) page faults: 3
	Minor (reclaiming a frame) page faults: 5262
	Voluntary context switches: 1019
	Involuntary context switches: 1544
	Swaps: 0
	File system inputs: 2187840
	File system outputs: 17168
	Socket messages sent: 0
	Socket messages received: 0
	Signals delivered: 0
	Page size (bytes): 4096
	Exit status: 0
