	Command being timed: "sh -c /usr/local/bwa/bwa-0.5.9/bwa sampe -a 500 -n 10 /usr/local/Genomes/H.Sapiens/hg19_sorted/bwa-0.5.9/reference.fa 120916_I224_FCD1CFTACXX_L5_SZAXPI014614-129_1.clean.sai 120916_I224_FCD1CFTACXX_L5_SZAXPI014614-129_2.clean.sai 120916_I224_FCD1CFTACXX_L5_SZAXPI014614-129_1.clean.fq 120916_I224_FCD1CFTACXX_L5_SZAXPI014614-129_2.clean.fq > 120916_I224_FCD1CFTACXX_L5_SZAXPI014614-129.sam"
	User time (seconds): 19588.28
	System time (seconds): 2431.49
	Percent of CPU this job got: 85%
	Elapsed (wall clock) time (h:mm:ss or m:ss): 7:10:36
	Average shared text size (kbytes): 0
	Average unshared data size (kbytes): 0
	Average stack size (kbytes): 0
	Average total size (kbytes): 0
	Maximum resident set size (kbytes): 15201344
	Average resident set size (kbytes): 0
	Major (requiring I/O) page faults: 5
	Minor (reclaiming a frame) page faults: 510072785
	Voluntary context switches: 31764
	Involuntary context switches: 110765
	Swaps: 0
	File system inputs: 120217312
	File system outputs: 178757504
	Socket messages sent: 0
	Socket messages received: 0
	Signals delivered: 0
	Page size (bytes): 4096
	Exit status: 0
