	Command being timed: "sh -c bash /data/DIV5/SASC/003_scr/scripts/circos/createcircos.sh -b 120916.cov.bed -o 120916.chr11-20.pairwise -d 120916 -c 11 -x 20 -s 120916 -l 120916.int.bed"
	User time (seconds): 0.43
	System time (seconds): 0.06
	Percent of CPU this job got: 24%
	Elapsed (wall clock) time (h:mm:ss or m:ss): 0:02.02
	Average shared text size (kbytes): 0
	Average unshared data size (kbytes): 0
	Average stack size (kbytes): 0
	Average total size (kbytes): 0
	Maximum resident set size (kbytes): 29472
	Average resident set size (kbytes): 0
	Major (requiring I/O) page faults: 0
	Minor (reclaiming a frame) page faults: 14199
	Voluntary context switches: 181
	Involuntary context switches: 48
	Swaps: 0
	File system inputs: 0
	File system outputs: 38328
	Socket messages sent: 0
	Socket messages received: 0
	Signals delivered: 0
	Page size (bytes): 4096
	Exit status: 0
