	Command being timed: "sh -c /usr/local/breakdancer/breakdancer_deploy_1.3.5/bin/breakdancer-max 120916.break.cfg > 120916.ctx"
	User time (seconds): 3735.58
	System time (seconds): 73.14
	Percent of CPU this job got: 99%
	Elapsed (wall clock) time (h:mm:ss or m:ss): 1:03:29
	Average shared text size (kbytes): 0
	Average unshared data size (kbytes): 0
	Average stack size (kbytes): 0
	Average total size (kbytes): 0
	Maximum resident set size (kbytes): 2303824
	Average resident set size (kbytes): 0
	Major (requiring I/O) page faults: 0
	Minor (reclaiming a frame) page faults: 13633801
	Voluntary context switches: 20
	Involuntary context switches: 8055
	Swaps: 0
	File system inputs: 0
	File system outputs: 4544
	Socket messages sent: 0
	Socket messages received: 0
	Signals delivered: 0
	Page size (bytes): 4096
	Exit status: 0
