Command terminated by signal 2
	Command being timed: "sh -c /data/DIV5/SASC/common/programs/pindel/trunk/pindel -f /usr/local/Genomes/H.Sapiens/hg19_sorted/reference.fa -i 120916.pindel.cfg -o 120916.pindel -I -T 8 -b 120916.ctx && touch 120916.pindel"
	User time (seconds): 4.94
	System time (seconds): 0.46
	Percent of CPU this job got: 62%
	Elapsed (wall clock) time (h:mm:ss or m:ss): 0:08.63
	Average shared text size (kbytes): 0
	Average unshared data size (kbytes): 0
	Average stack size (kbytes): 0
	Average total size (kbytes): 0
	Maximum resident set size (kbytes): 531712
	Average resident set size (kbytes): 0
	Major (requiring I/O) page faults: 2
	Minor (reclaiming a frame) page faults: 51897
	Voluntary context switches: 21
	Involuntary context switches: 88
	Swaps: 0
	File system inputs: 201928
	File system outputs: 0
	Socket messages sent: 0
	Socket messages received: 0
	Signals delivered: 0
	Page size (bytes): 4096
	Exit status: 0
