Command terminated by signal 2
	Command being timed: "sh -c java -jar /usr/local/picard-tools/picard-tools-1.84/MergeSamFiles.jar OUTPUT=120916.bam VALIDATION_STRINGENCY=LENIENT USE_THREADING=True INPUT=120916_I224_FCD1CFTACXX_L5_SZAXPI014614-129.bam"
	User time (seconds): 259.60
	System time (seconds): 68.06
	Percent of CPU this job got: 0%
	Elapsed (wall clock) time (h:mm:ss or m:ss): 12:51:23
	Average shared text size (kbytes): 0
	Average unshared data size (kbytes): 0
	Average stack size (kbytes): 0
	Average total size (kbytes): 0
	Maximum resident set size (kbytes): 18654416
	Average resident set size (kbytes): 0
	Major (requiring I/O) page faults: 86
	Minor (reclaiming a frame) page faults: 1347765
	Voluntary context switches: 2668271
	Involuntary context switches: 748839
	Swaps: 0
	File system inputs: 3402952
	File system outputs: 4641792
	Socket messages sent: 0
	Socket messages received: 0
	Signals delivered: 0
	Page size (bytes): 4096
	Exit status: 0
