	Command being timed: "sh -c bash /data/DIV5/SASC/003_scr/scripts/sv2circos.sh -s 120916"
	User time (seconds): 14.60
	System time (seconds): 4.27
	Percent of CPU this job got: 86%
	Elapsed (wall clock) time (h:mm:ss or m:ss): 0:21.86
	Average shared text size (kbytes): 0
	Average unshared data size (kbytes): 0
	Average stack size (kbytes): 0
	Average total size (kbytes): 0
	Maximum resident set size (kbytes): 29392
	Average resident set size (kbytes): 0
	Major (requiring I/O) page faults: 2
	Minor (reclaiming a frame) page faults: 45361
	Voluntary context switches: 82507
	Involuntary context switches: 37370
	Swaps: 0
	File system inputs: 328
	File system outputs: 85888
	Socket messages sent: 0
	Socket messages received: 0
	Signals delivered: 0
	Page size (bytes): 4096
	Exit status: 0
