	Command being timed: "sh -c /usr/local/samtools/samtools-0.1.18/samtools view -bST /usr/local/Genomes/H.Sapiens/hg19_sorted/reference.fa -o 120916_I224_FCD1CFTACXX_L5_SZAXPI014614-129.bam 120916_I224_FCD1CFTACXX_L5_SZAXPI014614-129.sam"
	User time (seconds): 5748.37
	System time (seconds): 187.37
	Percent of CPU this job got: 73%
	Elapsed (wall clock) time (h:mm:ss or m:ss): 2:15:05
	Average shared text size (kbytes): 0
	Average unshared data size (kbytes): 0
	Average stack size (kbytes): 0
	Average total size (kbytes): 0
	Maximum resident set size (kbytes): 13536
	Average resident set size (kbytes): 0
	Major (requiring I/O) page faults: 4
	Minor (reclaiming a frame) page faults: 35317136
	Voluntary context switches: 44882
	Involuntary context switches: 97035
	Swaps: 0
	File system inputs: 178760192
	File system outputs: 57792032
	Socket messages sent: 0
	Socket messages received: 0
	Signals delivered: 0
	Page size (bytes): 4096
	Exit status: 0
